2018-11-30 16:58:57,581 [Worker-15] INFO  o.e.m.c.i.l.LifecycleMappingFactory - Using org.maven.ide.eclipse.wtp.WarLifecycleMapping lifecycle mapping for MavenProject: io.altar:sexta-feira:0.0.1-SNAPSHOT @ /Users/alunotarde/Documents/Exemplo2 JAX-RS/sexta-feira/pom.xml.
2018-11-30 16:58:59,040 [Worker-15] INFO  o.e.m.j.i.AbstractJavaProjectConfigurator - Adding source folder /sexta-feira/src/main/java
2018-11-30 16:58:59,043 [Worker-15] INFO  o.e.m.j.i.AbstractJavaProjectConfigurator - Adding resource folder /sexta-feira/src/main/resources
2018-11-30 16:58:59,044 [Worker-15] INFO  o.e.m.j.i.AbstractJavaProjectConfigurator - Adding source folder /sexta-feira/src/test/java
2018-11-30 16:58:59,044 [Worker-15] INFO  o.e.m.j.i.AbstractJavaProjectConfigurator - Adding resource folder /sexta-feira/src/test/resources
2018-11-30 16:59:08,825 [Worker-4] WARN  o.e.m.c.i.embedder.EclipseLogger - Using platform encoding (UTF-8 actually) to copy filtered resources, i.e. build is platform dependent!
2018-11-30 16:59:08,847 [Worker-4] INFO  o.e.m.c.i.embedder.EclipseLogger - Copying 0 resource
2018-11-30 16:59:08,850 [Worker-4] WARN  o.e.m.c.i.embedder.EclipseLogger - Using platform encoding (UTF-8 actually) to copy filtered resources, i.e. build is platform dependent!
2018-11-30 16:59:08,851 [Worker-4] INFO  o.e.m.c.i.embedder.EclipseLogger - Copying 0 resource
2018-11-30 17:05:22,156 [Worker-23] INFO  o.e.m.c.i.l.LifecycleMappingFactory - Using org.maven.ide.eclipse.wtp.WarLifecycleMapping lifecycle mapping for MavenProject: io.altar:sexta-feira:0.0.1-SNAPSHOT @ /Users/alunotarde/Documents/Exemplo2 JAX-RS/sexta-feira/pom.xml.
2018-11-30 17:05:24,342 [Worker-23] WARN  o.e.m.c.i.embedder.EclipseLogger - Using platform encoding (UTF-8 actually) to copy filtered resources, i.e. build is platform dependent!
2018-11-30 17:05:24,352 [Worker-23] INFO  o.e.m.c.i.embedder.EclipseLogger - Copying 0 resource
2018-11-30 17:05:24,355 [Worker-23] WARN  o.e.m.c.i.embedder.EclipseLogger - Using platform encoding (UTF-8 actually) to copy filtered resources, i.e. build is platform dependent!
2018-11-30 17:05:24,356 [Worker-23] INFO  o.e.m.c.i.embedder.EclipseLogger - Copying 0 resource
2018-11-30 17:05:24,357 [Worker-23] INFO  o.e.m.w.i.f.ResourceFilteringBuildParticipant - Changed resources require a complete clean of filtered resources of sexta-feira
2018-11-30 17:05:24,387 [Worker-23] INFO  o.e.m.w.i.f.ResourceFilteringBuildParticipant - Executing resource filtering for sexta-feira
2018-11-30 17:05:24,396 [Worker-23] WARN  o.e.m.c.i.embedder.EclipseLogger - Using platform encoding (UTF-8 actually) to copy filtered resources, i.e. build is platform dependent!
2018-11-30 17:14:29,212 [Worker-30] WARN  o.e.m.c.i.embedder.EclipseLogger - Using platform encoding (UTF-8 actually) to copy filtered resources, i.e. build is platform dependent!
2018-11-30 17:14:29,304 [Worker-30] INFO  o.e.m.c.i.embedder.EclipseLogger - Copying 0 resource
2018-11-30 17:14:29,305 [Worker-30] WARN  o.e.m.c.i.embedder.EclipseLogger - Using platform encoding (UTF-8 actually) to copy filtered resources, i.e. build is platform dependent!
2018-11-30 17:14:29,306 [Worker-30] INFO  o.e.m.c.i.embedder.EclipseLogger - Copying 0 resource
2018-11-30 17:15:48,402 [Worker-34] WARN  o.e.m.c.i.embedder.EclipseLogger - Using platform encoding (UTF-8 actually) to copy filtered resources, i.e. build is platform dependent!
2018-11-30 17:15:48,416 [Worker-34] INFO  o.e.m.c.i.embedder.EclipseLogger - Copying 0 resource
2018-11-30 17:15:48,418 [Worker-34] WARN  o.e.m.c.i.embedder.EclipseLogger - Using platform encoding (UTF-8 actually) to copy filtered resources, i.e. build is platform dependent!
2018-11-30 17:15:48,427 [Worker-34] INFO  o.e.m.c.i.embedder.EclipseLogger - Copying 0 resource
2018-11-30 17:15:49,627 [Worker-35] WARN  o.e.m.c.i.embedder.EclipseLogger - Using platform encoding (UTF-8 actually) to copy filtered resources, i.e. build is platform dependent!
2018-11-30 17:15:49,628 [Worker-35] INFO  o.e.m.c.i.embedder.EclipseLogger - Copying 0 resource
2018-11-30 17:15:49,629 [Worker-35] WARN  o.e.m.c.i.embedder.EclipseLogger - Using platform encoding (UTF-8 actually) to copy filtered resources, i.e. build is platform dependent!
2018-11-30 17:15:49,638 [Worker-35] INFO  o.e.m.c.i.embedder.EclipseLogger - Copying 0 resource
2018-11-30 17:21:47,052 [Worker-24] WARN  o.e.m.c.i.embedder.EclipseLogger - Using platform encoding (UTF-8 actually) to copy filtered resources, i.e. build is platform dependent!
2018-11-30 17:21:47,132 [Worker-24] INFO  o.e.m.c.i.embedder.EclipseLogger - Copying 0 resource
2018-11-30 17:21:47,134 [Worker-24] WARN  o.e.m.c.i.embedder.EclipseLogger - Using platform encoding (UTF-8 actually) to copy filtered resources, i.e. build is platform dependent!
2018-11-30 17:21:47,135 [Worker-24] INFO  o.e.m.c.i.embedder.EclipseLogger - Copying 0 resource
2018-11-30 17:30:40,821 [Worker-39] WARN  o.e.m.c.i.embedder.EclipseLogger - Using platform encoding (UTF-8 actually) to copy filtered resources, i.e. build is platform dependent!
2018-11-30 17:30:40,855 [Worker-39] INFO  o.e.m.c.i.embedder.EclipseLogger - Copying 0 resource
2018-11-30 17:30:40,856 [Worker-39] WARN  o.e.m.c.i.embedder.EclipseLogger - Using platform encoding (UTF-8 actually) to copy filtered resources, i.e. build is platform dependent!
2018-11-30 17:30:40,857 [Worker-39] INFO  o.e.m.c.i.embedder.EclipseLogger - Copying 0 resource
2018-11-30 18:25:29,165 [Worker-4] WARN  o.e.m.c.i.embedder.EclipseLogger - Using platform encoding (UTF-8 actually) to copy filtered resources, i.e. build is platform dependent!
2018-11-30 18:25:29,298 [Worker-4] INFO  o.e.m.c.i.embedder.EclipseLogger - Copying 0 resource
2018-11-30 18:25:29,303 [Worker-4] WARN  o.e.m.c.i.embedder.EclipseLogger - Using platform encoding (UTF-8 actually) to copy filtered resources, i.e. build is platform dependent!
2018-11-30 18:25:29,304 [Worker-4] INFO  o.e.m.c.i.embedder.EclipseLogger - Copying 0 resource
2018-11-30 18:30:38,493 [Worker-6] WARN  o.e.m.c.i.embedder.EclipseLogger - Using platform encoding (UTF-8 actually) to copy filtered resources, i.e. build is platform dependent!
2018-11-30 18:30:38,629 [Worker-6] INFO  o.e.m.c.i.embedder.EclipseLogger - Copying 0 resource
2018-11-30 18:30:38,631 [Worker-6] WARN  o.e.m.c.i.embedder.EclipseLogger - Using platform encoding (UTF-8 actually) to copy filtered resources, i.e. build is platform dependent!
2018-11-30 18:30:38,632 [Worker-6] INFO  o.e.m.c.i.embedder.EclipseLogger - Copying 0 resource
2018-11-30 18:44:09,456 [Worker-32] WARN  o.e.m.c.i.embedder.EclipseLogger - Using platform encoding (UTF-8 actually) to copy filtered resources, i.e. build is platform dependent!
2018-11-30 18:44:09,479 [Worker-32] INFO  o.e.m.c.i.embedder.EclipseLogger - Copying 0 resource
2018-11-30 18:44:09,481 [Worker-32] WARN  o.e.m.c.i.embedder.EclipseLogger - Using platform encoding (UTF-8 actually) to copy filtered resources, i.e. build is platform dependent!
2018-11-30 18:44:09,482 [Worker-32] INFO  o.e.m.c.i.embedder.EclipseLogger - Copying 0 resource
2018-11-30 18:51:31,526 [Worker-40] WARN  o.e.m.c.i.embedder.EclipseLogger - Using platform encoding (UTF-8 actually) to copy filtered resources, i.e. build is platform dependent!
2018-11-30 18:51:31,640 [Worker-40] INFO  o.e.m.c.i.embedder.EclipseLogger - Copying 0 resource
2018-11-30 18:51:31,641 [Worker-40] WARN  o.e.m.c.i.embedder.EclipseLogger - Using platform encoding (UTF-8 actually) to copy filtered resources, i.e. build is platform dependent!
2018-11-30 18:51:31,699 [Worker-40] INFO  o.e.m.c.i.embedder.EclipseLogger - Copying 0 resource
2018-11-30 19:00:58,229 [Worker-45] WARN  o.e.m.c.i.embedder.EclipseLogger - Using platform encoding (UTF-8 actually) to copy filtered resources, i.e. build is platform dependent!
2018-11-30 19:00:58,260 [Worker-45] INFO  o.e.m.c.i.embedder.EclipseLogger - Copying 0 resource
2018-11-30 19:00:58,262 [Worker-45] WARN  o.e.m.c.i.embedder.EclipseLogger - Using platform encoding (UTF-8 actually) to copy filtered resources, i.e. build is platform dependent!
2018-11-30 19:00:58,263 [Worker-45] INFO  o.e.m.c.i.embedder.EclipseLogger - Copying 0 resource
2018-12-03 15:31:53,178 [Worker-5] WARN  o.e.m.c.i.embedder.EclipseLogger - Using platform encoding (UTF-8 actually) to copy filtered resources, i.e. build is platform dependent!
2018-12-03 15:31:53,247 [Worker-5] INFO  o.e.m.c.i.embedder.EclipseLogger - Copying 0 resource
2018-12-03 15:31:53,251 [Worker-5] WARN  o.e.m.c.i.embedder.EclipseLogger - Using platform encoding (UTF-8 actually) to copy filtered resources, i.e. build is platform dependent!
2018-12-03 15:31:53,252 [Worker-5] INFO  o.e.m.c.i.embedder.EclipseLogger - Copying 0 resource
2018-12-03 16:10:17,815 [Worker-39] WARN  o.e.m.c.i.embedder.EclipseLogger - Using platform encoding (UTF-8 actually) to copy filtered resources, i.e. build is platform dependent!
2018-12-03 16:10:18,121 [Worker-39] INFO  o.e.m.c.i.embedder.EclipseLogger - Copying 0 resource
2018-12-03 16:10:18,124 [Worker-39] WARN  o.e.m.c.i.embedder.EclipseLogger - Using platform encoding (UTF-8 actually) to copy filtered resources, i.e. build is platform dependent!
2018-12-03 16:10:18,125 [Worker-39] INFO  o.e.m.c.i.embedder.EclipseLogger - Copying 0 resource
2018-12-03 16:10:40,112 [Worker-39] WARN  o.e.m.c.i.embedder.EclipseLogger - Using platform encoding (UTF-8 actually) to copy filtered resources, i.e. build is platform dependent!
2018-12-03 16:10:40,128 [Worker-39] INFO  o.e.m.c.i.embedder.EclipseLogger - Copying 0 resource
2018-12-03 16:10:40,131 [Worker-39] WARN  o.e.m.c.i.embedder.EclipseLogger - Using platform encoding (UTF-8 actually) to copy filtered resources, i.e. build is platform dependent!
2018-12-03 16:10:40,147 [Worker-39] INFO  o.e.m.c.i.embedder.EclipseLogger - Copying 0 resource
2018-12-03 16:15:53,096 [Worker-39] WARN  o.e.m.c.i.embedder.EclipseLogger - Using platform encoding (UTF-8 actually) to copy filtered resources, i.e. build is platform dependent!
2018-12-03 16:15:53,177 [Worker-39] INFO  o.e.m.c.i.embedder.EclipseLogger - Copying 0 resource
2018-12-03 16:15:53,180 [Worker-39] WARN  o.e.m.c.i.embedder.EclipseLogger - Using platform encoding (UTF-8 actually) to copy filtered resources, i.e. build is platform dependent!
2018-12-03 16:15:53,180 [Worker-39] INFO  o.e.m.c.i.embedder.EclipseLogger - Copying 0 resource
2018-12-03 16:54:07,854 [Worker-57] WARN  o.e.m.c.i.embedder.EclipseLogger - Using platform encoding (UTF-8 actually) to copy filtered resources, i.e. build is platform dependent!
2018-12-03 16:54:07,878 [Worker-57] INFO  o.e.m.c.i.embedder.EclipseLogger - Copying 0 resource
2018-12-03 16:54:07,879 [Worker-57] WARN  o.e.m.c.i.embedder.EclipseLogger - Using platform encoding (UTF-8 actually) to copy filtered resources, i.e. build is platform dependent!
2018-12-03 16:54:07,898 [Worker-57] INFO  o.e.m.c.i.embedder.EclipseLogger - Copying 0 resource
2018-12-03 16:56:56,304 [Worker-56] WARN  o.e.m.c.i.embedder.EclipseLogger - Using platform encoding (UTF-8 actually) to copy filtered resources, i.e. build is platform dependent!
2018-12-03 16:56:56,351 [Worker-56] INFO  o.e.m.c.i.embedder.EclipseLogger - Copying 0 resource
2018-12-03 16:56:56,355 [Worker-56] WARN  o.e.m.c.i.embedder.EclipseLogger - Using platform encoding (UTF-8 actually) to copy filtered resources, i.e. build is platform dependent!
2018-12-03 16:56:56,356 [Worker-56] INFO  o.e.m.c.i.embedder.EclipseLogger - Copying 0 resource
2018-12-03 16:57:04,741 [Worker-44] WARN  o.e.m.c.i.embedder.EclipseLogger - Using platform encoding (UTF-8 actually) to copy filtered resources, i.e. build is platform dependent!
2018-12-03 16:57:04,772 [Worker-44] INFO  o.e.m.c.i.embedder.EclipseLogger - Copying 0 resource
2018-12-03 16:57:04,774 [Worker-44] WARN  o.e.m.c.i.embedder.EclipseLogger - Using platform encoding (UTF-8 actually) to copy filtered resources, i.e. build is platform dependent!
2018-12-03 16:57:04,775 [Worker-44] INFO  o.e.m.c.i.embedder.EclipseLogger - Copying 0 resource
2018-12-03 16:57:10,589 [Worker-44] WARN  o.e.m.c.i.embedder.EclipseLogger - Using platform encoding (UTF-8 actually) to copy filtered resources, i.e. build is platform dependent!
2018-12-03 16:57:10,605 [Worker-44] INFO  o.e.m.c.i.embedder.EclipseLogger - Copying 0 resource
2018-12-03 16:57:10,607 [Worker-44] WARN  o.e.m.c.i.embedder.EclipseLogger - Using platform encoding (UTF-8 actually) to copy filtered resources, i.e. build is platform dependent!
2018-12-03 16:57:10,607 [Worker-44] INFO  o.e.m.c.i.embedder.EclipseLogger - Copying 0 resource
2018-12-03 17:27:38,956 [Worker-86] WARN  o.e.m.c.i.embedder.EclipseLogger - Using platform encoding (UTF-8 actually) to copy filtered resources, i.e. build is platform dependent!
2018-12-03 17:27:39,041 [Worker-86] INFO  o.e.m.c.i.embedder.EclipseLogger - Copying 0 resource
2018-12-03 17:27:39,043 [Worker-86] WARN  o.e.m.c.i.embedder.EclipseLogger - Using platform encoding (UTF-8 actually) to copy filtered resources, i.e. build is platform dependent!
2018-12-03 17:27:39,043 [Worker-86] INFO  o.e.m.c.i.embedder.EclipseLogger - Copying 0 resource
2018-12-03 17:28:51,001 [Worker-83] WARN  o.e.m.c.i.embedder.EclipseLogger - Using platform encoding (UTF-8 actually) to copy filtered resources, i.e. build is platform dependent!
2018-12-03 17:28:51,088 [Worker-83] INFO  o.e.m.c.i.embedder.EclipseLogger - Copying 0 resource
2018-12-03 17:28:51,090 [Worker-83] WARN  o.e.m.c.i.embedder.EclipseLogger - Using platform encoding (UTF-8 actually) to copy filtered resources, i.e. build is platform dependent!
2018-12-03 17:28:51,090 [Worker-83] INFO  o.e.m.c.i.embedder.EclipseLogger - Copying 0 resource
2018-12-03 17:29:15,255 [Worker-86] WARN  o.e.m.c.i.embedder.EclipseLogger - Using platform encoding (UTF-8 actually) to copy filtered resources, i.e. build is platform dependent!
2018-12-03 17:29:15,284 [Worker-86] INFO  o.e.m.c.i.embedder.EclipseLogger - Copying 0 resource
2018-12-03 17:29:15,287 [Worker-86] WARN  o.e.m.c.i.embedder.EclipseLogger - Using platform encoding (UTF-8 actually) to copy filtered resources, i.e. build is platform dependent!
2018-12-03 17:29:15,288 [Worker-86] INFO  o.e.m.c.i.embedder.EclipseLogger - Copying 0 resource
2018-12-03 17:35:25,961 [Worker-90] WARN  o.e.m.c.i.embedder.EclipseLogger - Using platform encoding (UTF-8 actually) to copy filtered resources, i.e. build is platform dependent!
2018-12-03 17:35:26,013 [Worker-90] INFO  o.e.m.c.i.embedder.EclipseLogger - Copying 0 resource
2018-12-03 17:35:26,015 [Worker-90] WARN  o.e.m.c.i.embedder.EclipseLogger - Using platform encoding (UTF-8 actually) to copy filtered resources, i.e. build is platform dependent!
2018-12-03 17:35:26,016 [Worker-90] INFO  o.e.m.c.i.embedder.EclipseLogger - Copying 0 resource
2018-12-03 17:45:09,909 [Worker-95] WARN  o.e.m.c.i.embedder.EclipseLogger - Using platform encoding (UTF-8 actually) to copy filtered resources, i.e. build is platform dependent!
2018-12-03 17:45:09,928 [Worker-95] INFO  o.e.m.c.i.embedder.EclipseLogger - Copying 0 resource
2018-12-03 17:45:09,930 [Worker-95] WARN  o.e.m.c.i.embedder.EclipseLogger - Using platform encoding (UTF-8 actually) to copy filtered resources, i.e. build is platform dependent!
2018-12-03 17:45:09,931 [Worker-95] INFO  o.e.m.c.i.embedder.EclipseLogger - Copying 0 resource
2018-12-03 17:45:22,565 [Worker-96] WARN  o.e.m.c.i.embedder.EclipseLogger - Using platform encoding (UTF-8 actually) to copy filtered resources, i.e. build is platform dependent!
2018-12-03 17:45:22,604 [Worker-96] INFO  o.e.m.c.i.embedder.EclipseLogger - Copying 0 resource
2018-12-03 17:45:22,606 [Worker-96] WARN  o.e.m.c.i.embedder.EclipseLogger - Using platform encoding (UTF-8 actually) to copy filtered resources, i.e. build is platform dependent!
2018-12-03 17:45:22,606 [Worker-96] INFO  o.e.m.c.i.embedder.EclipseLogger - Copying 0 resource
2018-12-03 17:47:09,070 [Worker-100] WARN  o.e.m.c.i.embedder.EclipseLogger - Using platform encoding (UTF-8 actually) to copy filtered resources, i.e. build is platform dependent!
2018-12-03 17:47:09,125 [Worker-100] INFO  o.e.m.c.i.embedder.EclipseLogger - Copying 0 resource
2018-12-03 17:47:09,127 [Worker-100] WARN  o.e.m.c.i.embedder.EclipseLogger - Using platform encoding (UTF-8 actually) to copy filtered resources, i.e. build is platform dependent!
2018-12-03 17:47:09,128 [Worker-100] INFO  o.e.m.c.i.embedder.EclipseLogger - Copying 0 resource
2018-12-03 17:47:28,502 [Worker-98] WARN  o.e.m.c.i.embedder.EclipseLogger - Using platform encoding (UTF-8 actually) to copy filtered resources, i.e. build is platform dependent!
2018-12-03 17:47:28,544 [Worker-98] INFO  o.e.m.c.i.embedder.EclipseLogger - Copying 0 resource
2018-12-03 17:47:28,548 [Worker-98] WARN  o.e.m.c.i.embedder.EclipseLogger - Using platform encoding (UTF-8 actually) to copy filtered resources, i.e. build is platform dependent!
2018-12-03 17:47:28,549 [Worker-98] INFO  o.e.m.c.i.embedder.EclipseLogger - Copying 0 resource
2018-12-03 17:57:59,331 [Worker-101] WARN  o.e.m.c.i.embedder.EclipseLogger - Using platform encoding (UTF-8 actually) to copy filtered resources, i.e. build is platform dependent!
2018-12-03 17:57:59,356 [Worker-101] INFO  o.e.m.c.i.embedder.EclipseLogger - Copying 0 resource
2018-12-03 17:57:59,357 [Worker-101] WARN  o.e.m.c.i.embedder.EclipseLogger - Using platform encoding (UTF-8 actually) to copy filtered resources, i.e. build is platform dependent!
2018-12-03 17:57:59,358 [Worker-101] INFO  o.e.m.c.i.embedder.EclipseLogger - Copying 0 resource
2018-12-03 17:58:12,744 [Worker-103] WARN  o.e.m.c.i.embedder.EclipseLogger - Using platform encoding (UTF-8 actually) to copy filtered resources, i.e. build is platform dependent!
2018-12-03 17:58:12,767 [Worker-103] INFO  o.e.m.c.i.embedder.EclipseLogger - Copying 0 resource
2018-12-03 17:58:12,768 [Worker-103] WARN  o.e.m.c.i.embedder.EclipseLogger - Using platform encoding (UTF-8 actually) to copy filtered resources, i.e. build is platform dependent!
2018-12-03 17:58:12,769 [Worker-103] INFO  o.e.m.c.i.embedder.EclipseLogger - Copying 0 resource
2018-12-03 18:10:02,006 [Worker-108] WARN  o.e.m.c.i.embedder.EclipseLogger - Using platform encoding (UTF-8 actually) to copy filtered resources, i.e. build is platform dependent!
2018-12-03 18:10:02,026 [Worker-108] INFO  o.e.m.c.i.embedder.EclipseLogger - Copying 0 resource
2018-12-03 18:10:02,027 [Worker-108] WARN  o.e.m.c.i.embedder.EclipseLogger - Using platform encoding (UTF-8 actually) to copy filtered resources, i.e. build is platform dependent!
2018-12-03 18:10:02,028 [Worker-108] INFO  o.e.m.c.i.embedder.EclipseLogger - Copying 0 resource
2018-12-03 18:11:30,676 [Worker-111] WARN  o.e.m.c.i.embedder.EclipseLogger - Using platform encoding (UTF-8 actually) to copy filtered resources, i.e. build is platform dependent!
2018-12-03 18:11:30,733 [Worker-111] INFO  o.e.m.c.i.embedder.EclipseLogger - Copying 0 resource
2018-12-03 18:11:30,735 [Worker-111] WARN  o.e.m.c.i.embedder.EclipseLogger - Using platform encoding (UTF-8 actually) to copy filtered resources, i.e. build is platform dependent!
2018-12-03 18:11:30,736 [Worker-111] INFO  o.e.m.c.i.embedder.EclipseLogger - Copying 0 resource
2018-12-03 18:11:54,452 [Worker-111] WARN  o.e.m.c.i.embedder.EclipseLogger - Using platform encoding (UTF-8 actually) to copy filtered resources, i.e. build is platform dependent!
2018-12-03 18:11:54,453 [Worker-111] INFO  o.e.m.c.i.embedder.EclipseLogger - Copying 0 resource
2018-12-03 18:11:54,454 [Worker-111] WARN  o.e.m.c.i.embedder.EclipseLogger - Using platform encoding (UTF-8 actually) to copy filtered resources, i.e. build is platform dependent!
2018-12-03 18:11:54,454 [Worker-111] INFO  o.e.m.c.i.embedder.EclipseLogger - Copying 0 resource
2018-12-03 18:28:48,506 [Worker-112] WARN  o.e.m.c.i.embedder.EclipseLogger - Using platform encoding (UTF-8 actually) to copy filtered resources, i.e. build is platform dependent!
2018-12-03 18:28:48,559 [Worker-112] INFO  o.e.m.c.i.embedder.EclipseLogger - Copying 0 resource
2018-12-03 18:28:48,560 [Worker-112] WARN  o.e.m.c.i.embedder.EclipseLogger - Using platform encoding (UTF-8 actually) to copy filtered resources, i.e. build is platform dependent!
2018-12-03 18:28:48,561 [Worker-112] INFO  o.e.m.c.i.embedder.EclipseLogger - Copying 0 resource
2018-12-03 18:30:33,161 [Worker-120] WARN  o.e.m.c.i.embedder.EclipseLogger - Using platform encoding (UTF-8 actually) to copy filtered resources, i.e. build is platform dependent!
2018-12-03 18:30:33,191 [Worker-120] INFO  o.e.m.c.i.embedder.EclipseLogger - Copying 0 resource
2018-12-03 18:30:33,192 [Worker-120] WARN  o.e.m.c.i.embedder.EclipseLogger - Using platform encoding (UTF-8 actually) to copy filtered resources, i.e. build is platform dependent!
2018-12-03 18:30:33,193 [Worker-120] INFO  o.e.m.c.i.embedder.EclipseLogger - Copying 0 resource
2018-12-03 18:40:20,830 [Worker-124] WARN  o.e.m.c.i.embedder.EclipseLogger - Using platform encoding (UTF-8 actually) to copy filtered resources, i.e. build is platform dependent!
2018-12-03 18:40:20,857 [Worker-124] INFO  o.e.m.c.i.embedder.EclipseLogger - Copying 0 resource
2018-12-03 18:40:20,859 [Worker-124] WARN  o.e.m.c.i.embedder.EclipseLogger - Using platform encoding (UTF-8 actually) to copy filtered resources, i.e. build is platform dependent!
2018-12-03 18:40:20,860 [Worker-124] INFO  o.e.m.c.i.embedder.EclipseLogger - Copying 0 resource
2018-12-03 18:53:56,752 [Worker-121] WARN  o.e.m.c.i.embedder.EclipseLogger - Using platform encoding (UTF-8 actually) to copy filtered resources, i.e. build is platform dependent!
2018-12-03 18:53:56,820 [Worker-121] INFO  o.e.m.c.i.embedder.EclipseLogger - Copying 0 resource
2018-12-03 18:53:56,821 [Worker-121] WARN  o.e.m.c.i.embedder.EclipseLogger - Using platform encoding (UTF-8 actually) to copy filtered resources, i.e. build is platform dependent!
2018-12-03 18:53:56,822 [Worker-121] INFO  o.e.m.c.i.embedder.EclipseLogger - Copying 0 resource
2018-12-03 18:55:57,803 [Worker-122] WARN  o.e.m.c.i.embedder.EclipseLogger - Using platform encoding (UTF-8 actually) to copy filtered resources, i.e. build is platform dependent!
2018-12-03 18:55:57,850 [Worker-122] INFO  o.e.m.c.i.embedder.EclipseLogger - Copying 0 resource
2018-12-03 18:55:57,851 [Worker-122] WARN  o.e.m.c.i.embedder.EclipseLogger - Using platform encoding (UTF-8 actually) to copy filtered resources, i.e. build is platform dependent!
2018-12-03 18:55:57,852 [Worker-122] INFO  o.e.m.c.i.embedder.EclipseLogger - Copying 0 resource
2018-12-03 18:58:24,421 [Worker-121] WARN  o.e.m.c.i.embedder.EclipseLogger - Using platform encoding (UTF-8 actually) to copy filtered resources, i.e. build is platform dependent!
2018-12-03 18:58:24,466 [Worker-121] INFO  o.e.m.c.i.embedder.EclipseLogger - Copying 0 resource
2018-12-03 18:58:24,468 [Worker-121] WARN  o.e.m.c.i.embedder.EclipseLogger - Using platform encoding (UTF-8 actually) to copy filtered resources, i.e. build is platform dependent!
2018-12-03 18:58:24,468 [Worker-121] INFO  o.e.m.c.i.embedder.EclipseLogger - Copying 0 resource
2018-12-03 19:14:37,619 [Worker-132] WARN  o.e.m.c.i.embedder.EclipseLogger - Using platform encoding (UTF-8 actually) to copy filtered resources, i.e. build is platform dependent!
2018-12-03 19:14:37,668 [Worker-132] INFO  o.e.m.c.i.embedder.EclipseLogger - Copying 0 resource
2018-12-03 19:14:37,669 [Worker-132] WARN  o.e.m.c.i.embedder.EclipseLogger - Using platform encoding (UTF-8 actually) to copy filtered resources, i.e. build is platform dependent!
2018-12-03 19:14:37,670 [Worker-132] INFO  o.e.m.c.i.embedder.EclipseLogger - Copying 0 resource
2018-12-03 19:15:14,733 [Worker-132] WARN  o.e.m.c.i.embedder.EclipseLogger - Using platform encoding (UTF-8 actually) to copy filtered resources, i.e. build is platform dependent!
2018-12-03 19:15:14,768 [Worker-132] INFO  o.e.m.c.i.embedder.EclipseLogger - Copying 0 resource
2018-12-03 19:15:14,772 [Worker-132] WARN  o.e.m.c.i.embedder.EclipseLogger - Using platform encoding (UTF-8 actually) to copy filtered resources, i.e. build is platform dependent!
2018-12-03 19:15:14,773 [Worker-132] INFO  o.e.m.c.i.embedder.EclipseLogger - Copying 0 resource
2018-12-03 19:20:39,076 [Worker-130] WARN  o.e.m.c.i.embedder.EclipseLogger - Using platform encoding (UTF-8 actually) to copy filtered resources, i.e. build is platform dependent!
2018-12-03 19:20:39,135 [Worker-130] INFO  o.e.m.c.i.embedder.EclipseLogger - Copying 0 resource
2018-12-03 19:20:39,137 [Worker-130] WARN  o.e.m.c.i.embedder.EclipseLogger - Using platform encoding (UTF-8 actually) to copy filtered resources, i.e. build is platform dependent!
2018-12-03 19:20:39,138 [Worker-130] INFO  o.e.m.c.i.embedder.EclipseLogger - Copying 0 resource
2018-12-03 19:22:25,299 [Worker-135] WARN  o.e.m.c.i.embedder.EclipseLogger - Using platform encoding (UTF-8 actually) to copy filtered resources, i.e. build is platform dependent!
2018-12-03 19:22:25,350 [Worker-135] INFO  o.e.m.c.i.embedder.EclipseLogger - Copying 0 resource
2018-12-03 19:22:25,352 [Worker-135] WARN  o.e.m.c.i.embedder.EclipseLogger - Using platform encoding (UTF-8 actually) to copy filtered resources, i.e. build is platform dependent!
2018-12-03 19:22:25,353 [Worker-135] INFO  o.e.m.c.i.embedder.EclipseLogger - Copying 0 resource
2018-12-03 19:24:25,001 [Worker-130] WARN  o.e.m.c.i.embedder.EclipseLogger - Using platform encoding (UTF-8 actually) to copy filtered resources, i.e. build is platform dependent!
2018-12-03 19:24:25,027 [Worker-130] INFO  o.e.m.c.i.embedder.EclipseLogger - Copying 0 resource
2018-12-03 19:24:25,030 [Worker-130] WARN  o.e.m.c.i.embedder.EclipseLogger - Using platform encoding (UTF-8 actually) to copy filtered resources, i.e. build is platform dependent!
2018-12-03 19:24:25,031 [Worker-130] INFO  o.e.m.c.i.embedder.EclipseLogger - Copying 0 resource
2018-12-03 19:33:54,714 [Worker-130] WARN  o.e.m.c.i.embedder.EclipseLogger - Using platform encoding (UTF-8 actually) to copy filtered resources, i.e. build is platform dependent!
2018-12-03 19:33:54,796 [Worker-130] INFO  o.e.m.c.i.embedder.EclipseLogger - Copying 0 resource
2018-12-03 19:33:54,798 [Worker-130] WARN  o.e.m.c.i.embedder.EclipseLogger - Using platform encoding (UTF-8 actually) to copy filtered resources, i.e. build is platform dependent!
2018-12-03 19:33:54,798 [Worker-130] INFO  o.e.m.c.i.embedder.EclipseLogger - Copying 0 resource
2018-12-03 19:42:21,071 [Worker-141] WARN  o.e.m.c.i.embedder.EclipseLogger - Using platform encoding (UTF-8 actually) to copy filtered resources, i.e. build is platform dependent!
2018-12-03 19:42:21,100 [Worker-141] INFO  o.e.m.c.i.embedder.EclipseLogger - Copying 0 resource
2018-12-03 19:42:21,101 [Worker-141] WARN  o.e.m.c.i.embedder.EclipseLogger - Using platform encoding (UTF-8 actually) to copy filtered resources, i.e. build is platform dependent!
2018-12-03 19:42:21,101 [Worker-141] INFO  o.e.m.c.i.embedder.EclipseLogger - Copying 0 resource
